2022-02-23 10:00:00,005 ERROR 43951 nodejs.ClusterClientNoResponseError: client no response in 282281ms exceeding maxIdleTime 60000ms, maybe the connection is close on other side.
    at Timeout._onTimeout (/Users/rs-front-01/Documents/Projects/ranshu-finance-node/node_modules/cluster-client/lib/leader.js:77:23)
    at listOnTimeout (node:internal/timers:557:17)
    at processTimers (node:internal/timers:500:7)
name: "ClusterClientNoResponseError"
pid: 43951
hostname: rs-front-01.local

2022-02-23 10:34:07,313 ERROR 43951 [egg-redis] client error: Error: read ECONNRESET
    at TCP.onStreamRead (node:internal/stream_base_commons:220:20) {
  errno: -54,
  code: 'ECONNRESET',
  syscall: 'read'
}
2022-02-23 10:34:07,314 ERROR 43951 nodejs.ECONNRESETError: read ECONNRESET
    at TCP.onStreamRead (node:internal/stream_base_commons:220:20)
errno: -54
code: "ECONNRESET"
syscall: "read"
name: "ECONNRESETError"
pid: 43951
hostname: rs-front-01.local

2022-02-23 10:34:09,230 ERROR 43974 [egg-redis] client error: Error: read ECONNRESET
    at TCP.onStreamRead (node:internal/stream_base_commons:220:20) {
  errno: -54,
  code: 'ECONNRESET',
  syscall: 'read'
}
2022-02-23 10:34:09,230 ERROR 43974 nodejs.ECONNRESETError: read ECONNRESET
    at TCP.onStreamRead (node:internal/stream_base_commons:220:20)
errno: -54
code: "ECONNRESET"
syscall: "read"
name: "ECONNRESETError"
pid: 43974
hostname: rs-front-01.local

2022-02-23 10:39:34,956 ERROR 43974 [-/127.0.0.1/-/56ms GET /page/config/74] -------------------------
2022-02-23 10:39:34,956 ERROR 43974 [-/127.0.0.1/-/56ms GET /page/config/74] 异常报错 - 获取模版信息出错 --- TypeError: Cannot read properties of null (reading 'list')
2022-02-23 10:39:34,956 ERROR 43974 [-/127.0.0.1/-/56ms GET /page/config/74] -------------------------
2022-02-23 12:30:39,010 ERROR 87593 nodejs.ClusterClientNoResponseError: client no response in 2200670ms exceeding maxIdleTime 60000ms, maybe the connection is close on other side.
    at Timeout._onTimeout (/Users/rs-front-01/Documents/Projects/ranshu-finance-node/node_modules/cluster-client/lib/leader.js:77:23)
    at listOnTimeout (node:internal/timers:557:17)
    at processTimers (node:internal/timers:500:7)
name: "ClusterClientNoResponseError"
pid: 87593
hostname: rs-front-01.local

2022-02-23 13:34:45,006 ERROR 87593 nodejs.ClusterClientNoResponseError: client no response in 3806182ms exceeding maxIdleTime 60000ms, maybe the connection is close on other side.
    at Timeout._onTimeout (/Users/rs-front-01/Documents/Projects/ranshu-finance-node/node_modules/cluster-client/lib/leader.js:77:23)
    at listOnTimeout (node:internal/timers:557:17)
    at processTimers (node:internal/timers:500:7)
name: "ClusterClientNoResponseError"
pid: 87593
hostname: rs-front-01.local

2022-02-23 14:28:19,223 ERROR 87598 [-/127.0.0.1/-/29ms GET /api/config/getQueryTableData?instantiationId=525&type=section&params=%7B%22date_type%22%3A%22month_week%22%2C%22language%22%3A%22zh_CN%22%7D&headerMapping=%7B%22other%22%3A%7B%22type%22%3A%22string%22%2C%22columnStyle%22%3A%7B%22width%22%3A130%2C%22align%22%3A%22center%22%7D%7D%2C%22title%22%3A%7B%22type%22%3A%22string%22%2C%22columnStyle%22%3A%7B%22width%22%3A160%2C%22fixed%22%3A%22left%22%2C%22align%22%3A%22left%22%7D%7D%7D] -------------------------
2022-02-23 14:28:19,227 ERROR 87598 [-/127.0.0.1/-/33ms GET /api/config/getQueryTableData?instantiationId=525&type=section&params=%7B%22date_type%22%3A%22month_week%22%2C%22language%22%3A%22zh_CN%22%7D&headerMapping=%7B%22other%22%3A%7B%22type%22%3A%22string%22%2C%22columnStyle%22%3A%7B%22width%22%3A130%2C%22align%22%3A%22center%22%7D%7D%2C%22title%22%3A%7B%22type%22%3A%22string%22%2C%22columnStyle%22%3A%7B%22width%22%3A160%2C%22fixed%22%3A%22left%22%2C%22align%22%3A%22left%22%7D%7D%7D] 异常报错 - 查询配置化表格查询数据出错 --- TypeError: Cannot read properties of null (reading 'result')
2022-02-23 14:28:19,228 ERROR 87598 [-/127.0.0.1/-/34ms GET /api/config/getQueryTableData?instantiationId=525&type=section&params=%7B%22date_type%22%3A%22month_week%22%2C%22language%22%3A%22zh_CN%22%7D&headerMapping=%7B%22other%22%3A%7B%22type%22%3A%22string%22%2C%22columnStyle%22%3A%7B%22width%22%3A130%2C%22align%22%3A%22center%22%7D%7D%2C%22title%22%3A%7B%22type%22%3A%22string%22%2C%22columnStyle%22%3A%7B%22width%22%3A160%2C%22fixed%22%3A%22left%22%2C%22align%22%3A%22left%22%7D%7D%7D] -------------------------
2022-02-23 14:28:19,497 ERROR 87598 [-/127.0.0.1/-/31ms GET /api/config/getQueryTableData?instantiationId=525&type=section&params=%7B%22date_type%22%3A%22month_week%22%2C%22language%22%3A%22zh_CN%22%7D&headerMapping=%7B%22other%22%3A%7B%22type%22%3A%22string%22%2C%22columnStyle%22%3A%7B%22width%22%3A130%2C%22align%22%3A%22center%22%7D%7D%2C%22title%22%3A%7B%22type%22%3A%22string%22%2C%22columnStyle%22%3A%7B%22width%22%3A160%2C%22fixed%22%3A%22left%22%2C%22align%22%3A%22left%22%7D%7D%7D] -------------------------
2022-02-23 14:28:19,498 ERROR 87598 [-/127.0.0.1/-/32ms GET /api/config/getQueryTableData?instantiationId=525&type=section&params=%7B%22date_type%22%3A%22month_week%22%2C%22language%22%3A%22zh_CN%22%7D&headerMapping=%7B%22other%22%3A%7B%22type%22%3A%22string%22%2C%22columnStyle%22%3A%7B%22width%22%3A130%2C%22align%22%3A%22center%22%7D%7D%2C%22title%22%3A%7B%22type%22%3A%22string%22%2C%22columnStyle%22%3A%7B%22width%22%3A160%2C%22fixed%22%3A%22left%22%2C%22align%22%3A%22left%22%7D%7D%7D] 异常报错 - 查询配置化表格查询数据出错 --- TypeError: Cannot read properties of null (reading 'result')
2022-02-23 14:28:19,498 ERROR 87598 [-/127.0.0.1/-/32ms GET /api/config/getQueryTableData?instantiationId=525&type=section&params=%7B%22date_type%22%3A%22month_week%22%2C%22language%22%3A%22zh_CN%22%7D&headerMapping=%7B%22other%22%3A%7B%22type%22%3A%22string%22%2C%22columnStyle%22%3A%7B%22width%22%3A130%2C%22align%22%3A%22center%22%7D%7D%2C%22title%22%3A%7B%22type%22%3A%22string%22%2C%22columnStyle%22%3A%7B%22width%22%3A160%2C%22fixed%22%3A%22left%22%2C%22align%22%3A%22left%22%7D%7D%7D] -------------------------
2022-02-23 14:28:20,228 ERROR 87598 [-/127.0.0.1/-/75ms GET /api/config/getQueryTableData?instantiationId=525&type=section&params=%7B%22date_type%22%3A%22month_week%22%2C%22language%22%3A%22zh_CN%22%7D&headerMapping=%7B%22other%22%3A%7B%22type%22%3A%22string%22%2C%22columnStyle%22%3A%7B%22width%22%3A130%2C%22align%22%3A%22center%22%7D%7D%2C%22title%22%3A%7B%22type%22%3A%22string%22%2C%22columnStyle%22%3A%7B%22width%22%3A160%2C%22fixed%22%3A%22left%22%2C%22align%22%3A%22left%22%7D%7D%7D] -------------------------
2022-02-23 14:28:20,231 ERROR 87598 [-/127.0.0.1/-/78ms GET /api/config/getQueryTableData?instantiationId=525&type=section&params=%7B%22date_type%22%3A%22month_week%22%2C%22language%22%3A%22zh_CN%22%7D&headerMapping=%7B%22other%22%3A%7B%22type%22%3A%22string%22%2C%22columnStyle%22%3A%7B%22width%22%3A130%2C%22align%22%3A%22center%22%7D%7D%2C%22title%22%3A%7B%22type%22%3A%22string%22%2C%22columnStyle%22%3A%7B%22width%22%3A160%2C%22fixed%22%3A%22left%22%2C%22align%22%3A%22left%22%7D%7D%7D] 异常报错 - 查询配置化表格查询数据出错 --- TypeError: Cannot read properties of null (reading 'result')
2022-02-23 14:28:20,232 ERROR 87598 [-/127.0.0.1/-/79ms GET /api/config/getQueryTableData?instantiationId=525&type=section&params=%7B%22date_type%22%3A%22month_week%22%2C%22language%22%3A%22zh_CN%22%7D&headerMapping=%7B%22other%22%3A%7B%22type%22%3A%22string%22%2C%22columnStyle%22%3A%7B%22width%22%3A130%2C%22align%22%3A%22center%22%7D%7D%2C%22title%22%3A%7B%22type%22%3A%22string%22%2C%22columnStyle%22%3A%7B%22width%22%3A160%2C%22fixed%22%3A%22left%22%2C%22align%22%3A%22left%22%7D%7D%7D] -------------------------
2022-02-23 15:34:19,918 ERROR 87593 [egg-redis] client error: Error: read ECONNRESET
    at TCP.onStreamRead (node:internal/stream_base_commons:220:20) {
  errno: -54,
  code: 'ECONNRESET',
  syscall: 'read'
}
2022-02-23 15:34:19,919 ERROR 87593 nodejs.ECONNRESETError: read ECONNRESET
    at TCP.onStreamRead (node:internal/stream_base_commons:220:20)
errno: -54
code: "ECONNRESET"
syscall: "read"
name: "ECONNRESETError"
pid: 87593
hostname: rs-front-01.local

2022-02-23 15:34:23,148 ERROR 87598 [egg-redis] client error: Error: read ECONNRESET
    at TCP.onStreamRead (node:internal/stream_base_commons:220:20) {
  errno: -54,
  code: 'ECONNRESET',
  syscall: 'read'
}
2022-02-23 15:34:23,149 ERROR 87598 nodejs.ECONNRESETError: read ECONNRESET
    at TCP.onStreamRead (node:internal/stream_base_commons:220:20)
errno: -54
code: "ECONNRESET"
syscall: "read"
name: "ECONNRESETError"
pid: 87598
hostname: rs-front-01.local

2022-02-24 11:11:22,007 ERROR 75962 nodejs.ClusterClientNoResponseError: client no response in 100165ms exceeding maxIdleTime 60000ms, maybe the connection is close on other side.
    at Timeout._onTimeout (/Users/rs-front-01/Documents/Projects/ranshu-finance-node/node_modules/cluster-client/lib/leader.js:77:23)
    at listOnTimeout (node:internal/timers:557:17)
    at processTimers (node:internal/timers:500:7)
name: "ClusterClientNoResponseError"
pid: 75962
hostname: rs-front-01.local

2022-02-24 12:02:30,004 ERROR 75962 nodejs.ClusterClientNoResponseError: client no response in 726288ms exceeding maxIdleTime 60000ms, maybe the connection is close on other side.
    at Timeout._onTimeout (/Users/rs-front-01/Documents/Projects/ranshu-finance-node/node_modules/cluster-client/lib/leader.js:77:23)
    at listOnTimeout (node:internal/timers:557:17)
    at processTimers (node:internal/timers:500:7)
name: "ClusterClientNoResponseError"
pid: 75962
hostname: rs-front-01.local

2022-02-24 12:07:01,006 ERROR 75962 nodejs.ClusterClientNoResponseError: client no response in 230782ms exceeding maxIdleTime 60000ms, maybe the connection is close on other side.
    at Timeout._onTimeout (/Users/rs-front-01/Documents/Projects/ranshu-finance-node/node_modules/cluster-client/lib/leader.js:77:23)
    at listOnTimeout (node:internal/timers:557:17)
    at processTimers (node:internal/timers:500:7)
name: "ClusterClientNoResponseError"
pid: 75962
hostname: rs-front-01.local

2022-02-24 12:11:51,005 ERROR 75962 nodejs.ClusterClientNoResponseError: client no response in 249804ms exceeding maxIdleTime 60000ms, maybe the connection is close on other side.
    at Timeout._onTimeout (/Users/rs-front-01/Documents/Projects/ranshu-finance-node/node_modules/cluster-client/lib/leader.js:77:23)
    at listOnTimeout (node:internal/timers:557:17)
    at processTimers (node:internal/timers:500:7)
name: "ClusterClientNoResponseError"
pid: 75962
hostname: rs-front-01.local

2022-02-24 12:24:05,008 ERROR 75962 nodejs.ClusterClientNoResponseError: client no response in 693972ms exceeding maxIdleTime 60000ms, maybe the connection is close on other side.
    at Timeout._onTimeout (/Users/rs-front-01/Documents/Projects/ranshu-finance-node/node_modules/cluster-client/lib/leader.js:77:23)
    at listOnTimeout (node:internal/timers:557:17)
    at processTimers (node:internal/timers:500:7)
name: "ClusterClientNoResponseError"
pid: 75962
hostname: rs-front-01.local

2022-02-24 13:41:26,010 ERROR 75962 nodejs.ClusterClientNoResponseError: client no response in 4640987ms exceeding maxIdleTime 60000ms, maybe the connection is close on other side.
    at Timeout._onTimeout (/Users/rs-front-01/Documents/Projects/ranshu-finance-node/node_modules/cluster-client/lib/leader.js:77:23)
    at listOnTimeout (node:internal/timers:557:17)
    at processTimers (node:internal/timers:500:7)
name: "ClusterClientNoResponseError"
pid: 75962
hostname: rs-front-01.local

