2022-02-23 09:54:38,131 INFO 43974 [egg-logrotator] app logger reload: got log-reload message
2022-02-23 10:00:00,006 WARN 43974 [TCPBase] socket is closed by other side while there were still unhandled data in the socket buffer
2022-02-23 10:00:00,006 WARN 43974 [ClusterClient:Watcher] follower closed, and try to init it again
2022-02-23 10:34:09,230 ERROR 43974 [egg-redis] client error: Error: read ECONNRESET
    at TCP.onStreamRead (node:internal/stream_base_commons:220:20) {
  errno: -54,
  code: 'ECONNRESET',
  syscall: 'read'
}
2022-02-23 10:34:09,231 ERROR 43974 nodejs.ECONNRESETError: read ECONNRESET
    at TCP.onStreamRead (node:internal/stream_base_commons:220:20)
errno: -54
code: "ECONNRESET"
syscall: "read"
name: "ECONNRESETError"
pid: 43974
hostname: rs-front-01.local

2022-02-23 10:34:09,301 INFO 43974 [egg-redis] client connect success
2022-02-23 11:43:36,817 INFO 87598 [egg:logger] init all loggers with options: {"dir":"/Users/rs-front-01/Documents/Projects/ranshu-finance-node/logs/","encoding":"utf8","env":"local","level":"DEBUG","consoleLevel":"DEBUG","disableConsoleAfterReady":false,"outputJSON":false,"buffer":true,"appLogName":"ranshu-finance-node.log","coreLogName":"ranshu-finance-node-core.log","agentLogName":"ranshu-finance-node-agent.log","errorLogName":"ranshu-finance-node.err","coreLogger":{"consoleLevel":"WARN"},"allowDebugAtProd":false,"enablePerformanceTimer":false,"type":"application"}
2022-02-23 11:43:36,852 INFO 87598 [egg-multipart] stream mode enable
2022-02-23 11:43:37,004 INFO 87598 [egg-redis] server connecting redis://:***@172.19.228.122:6379/2
2022-02-23 11:43:37,736 INFO 87598 [egg-static] starting static serve /public/ -> /Users/rs-front-01/Documents/Projects/ranshu-finance-node/app/public
2022-02-23 11:43:37,744 INFO 87598 [egg-security] use methodnoallow middleware
2022-02-23 11:43:37,745 INFO 87598 [egg-security] use noopen middleware
2022-02-23 11:43:37,746 INFO 87598 [egg-security] use nosniff middleware
2022-02-23 11:43:37,747 INFO 87598 [egg-security] use xssProtection middleware
2022-02-23 11:43:37,747 INFO 87598 [egg-security] use xframe middleware
2022-02-23 11:43:37,748 INFO 87598 [egg-security] use dta middleware
2022-02-23 11:43:37,748 INFO 87598 [egg-security] compose 6 middlewares into one security middleware
2022-02-23 11:43:38,067 INFO 87598 [egg:core] dump config after load, 5ms
2022-02-23 11:43:38,155 INFO 87598 [egg-redis] client connect success
2022-02-23 11:43:38,182 INFO 87598 [egg-redis] instance[0] status OK, client ready
2022-02-23 11:43:38,184 INFO 87598 [egg-watcher:application] watcher start success
2022-02-23 11:43:38,293 INFO 87598 [egg:core] dump config after ready, 105ms
2022-02-23 11:50:53,946 INFO 87598 [egg-view-nunjucks] loading templates from ["/Users/rs-front-01/Documents/Projects/ranshu-finance-node/app/view"]
2022-02-23 12:30:39,012 WARN 87598 [TCPBase] socket is closed by other side while there were still unhandled data in the socket buffer
2022-02-23 12:30:39,012 WARN 87598 [ClusterClient:Watcher] follower closed, and try to init it again
2022-02-23 13:34:45,007 WARN 87598 [TCPBase] socket is closed by other side while there were still unhandled data in the socket buffer
2022-02-23 13:34:45,007 WARN 87598 [ClusterClient:Watcher] follower closed, and try to init it again
2022-02-23 15:34:23,148 ERROR 87598 [egg-redis] client error: Error: read ECONNRESET
    at TCP.onStreamRead (node:internal/stream_base_commons:220:20) {
  errno: -54,
  code: 'ECONNRESET',
  syscall: 'read'
}
2022-02-23 15:34:23,149 ERROR 87598 nodejs.ECONNRESETError: read ECONNRESET
    at TCP.onStreamRead (node:internal/stream_base_commons:220:20)
errno: -54
code: "ECONNRESET"
syscall: "read"
name: "ECONNRESETError"
pid: 87598
hostname: rs-front-01.local

2022-02-23 15:34:23,245 INFO 87598 [egg-redis] client connect success
2022-02-24 10:36:01,076 INFO 75968 [egg:logger] init all loggers with options: {"dir":"/Users/rs-front-01/Documents/Projects/ranshu-finance-node/logs/","encoding":"utf8","env":"local","level":"DEBUG","consoleLevel":"DEBUG","disableConsoleAfterReady":false,"outputJSON":false,"buffer":true,"appLogName":"ranshu-finance-node.log","coreLogName":"ranshu-finance-node-core.log","agentLogName":"ranshu-finance-node-agent.log","errorLogName":"ranshu-finance-node.err","coreLogger":{"consoleLevel":"WARN"},"allowDebugAtProd":false,"enablePerformanceTimer":false,"type":"application"}
2022-02-24 10:36:01,140 INFO 75968 [egg-multipart] stream mode enable
2022-02-24 10:36:01,184 INFO 75968 [egg-redis] server connecting redis://:***@172.19.228.122:6379/2
2022-02-24 10:36:01,391 INFO 75968 [egg-static] starting static serve /public/ -> /Users/rs-front-01/Documents/Projects/ranshu-finance-node/app/public
2022-02-24 10:36:01,396 INFO 75968 [egg-security] use methodnoallow middleware
2022-02-24 10:36:01,397 INFO 75968 [egg-security] use noopen middleware
2022-02-24 10:36:01,398 INFO 75968 [egg-security] use nosniff middleware
2022-02-24 10:36:01,399 INFO 75968 [egg-security] use xssProtection middleware
2022-02-24 10:36:01,399 INFO 75968 [egg-security] use xframe middleware
2022-02-24 10:36:01,400 INFO 75968 [egg-security] use dta middleware
2022-02-24 10:36:01,400 INFO 75968 [egg-security] compose 6 middlewares into one security middleware
2022-02-24 10:36:01,440 INFO 75968 [egg:core] dump config after load, 6ms
2022-02-24 10:36:01,461 INFO 75968 [egg-watcher:application] watcher start success
2022-02-24 10:36:01,464 INFO 75968 [egg-redis] client connect success
2022-02-24 10:36:01,482 INFO 75968 [egg-redis] instance[0] status OK, client ready
2022-02-24 10:36:01,496 INFO 75968 [egg:core] dump config after ready, 9ms
2022-02-24 10:37:43,251 INFO 75968 [egg-view-nunjucks] loading templates from ["/Users/rs-front-01/Documents/Projects/ranshu-finance-node/app/view"]
2022-02-24 11:11:22,010 WARN 75968 [TCPBase] socket is closed by other side while there were still unhandled data in the socket buffer
2022-02-24 11:11:22,011 WARN 75968 [ClusterClient:Watcher] follower closed, and try to init it again
2022-02-24 12:02:30,006 WARN 75968 [TCPBase] socket is closed by other side while there were still unhandled data in the socket buffer
2022-02-24 12:02:30,006 WARN 75968 [ClusterClient:Watcher] follower closed, and try to init it again
2022-02-24 12:07:01,006 WARN 75968 [TCPBase] socket is closed by other side while there were still unhandled data in the socket buffer
2022-02-24 12:07:01,006 WARN 75968 [ClusterClient:Watcher] follower closed, and try to init it again
2022-02-24 12:11:51,006 WARN 75968 [TCPBase] socket is closed by other side while there were still unhandled data in the socket buffer
2022-02-24 12:11:51,006 WARN 75968 [ClusterClient:Watcher] follower closed, and try to init it again
2022-02-24 12:24:05,009 WARN 75968 [TCPBase] socket is closed by other side while there were still unhandled data in the socket buffer
2022-02-24 12:24:05,014 WARN 75968 [ClusterClient:Watcher] follower closed, and try to init it again
2022-02-24 13:41:26,011 WARN 75968 [TCPBase] socket is closed by other side while there were still unhandled data in the socket buffer
2022-02-24 13:41:26,011 WARN 75968 [ClusterClient:Watcher] follower closed, and try to init it again
